<?xml version="1.0" encoding="utf-8" standalone="no"?>
<test-run id="2" testcasecount="16" result="Passed" total="16" passed="16" failed="0" inconclusive="0" skipped="0" asserts="19" engine-version="3.10.0.0" clr-version="4.0.30319.42000" start-time="2019-10-01 03:09:51Z" end-time="2019-10-01 03:09:54Z" duration="3.224288">
  <command-line><![CDATA[nunit3-console.exe  Project.Manager.Test.dll]]></command-line>
  <test-suite type="Assembly" id="0-1019" name="Project.Manager.Test.dll" fullname="E:\FSE Projects\FSE_Project_Manager_Core\packages\NUnit.ConsoleRunner.3.10.0\tools\Project.Manager.Test.dll" runstate="Runnable" testcasecount="16" result="Passed" start-time="2019-10-01 03:09:52Z" end-time="2019-10-01 03:09:54Z" duration="1.626197" total="16" passed="16" failed="0" warnings="0" inconclusive="0" skipped="0" asserts="19">
    <environment framework-version="3.12.0.0" clr-version="4.0.30319.42000" os-version="Microsoft Windows NT 10.0.17134.0" platform="Win32NT" cwd="E:\FSE Projects\FSE_Project_Manager_Core\packages\NUnit.ConsoleRunner.3.10.0\tools" machine-name="DESKTOP-30N9LOP" user="CHAKRAPANI" user-domain="DESKTOP-30N9LOP" culture="en-IN" uiculture="en-US" os-architecture="x64" />
    <settings>
      <setting name="DisposeRunners" value="True" />
      <setting name="WorkDirectory" value="E:\FSE Projects\FSE_Project_Manager_Core\packages\NUnit.ConsoleRunner.3.10.0\tools" />
      <setting name="ImageRuntimeVersion" value="4.0.30319" />
      <setting name="ImageTargetFrameworkName" value=".NETFramework,Version=v4.5.2" />
      <setting name="ImageRequiresX86" value="False" />
      <setting name="ImageRequiresDefaultAppDomainAssemblyResolver" value="False" />
      <setting name="NumberOfTestWorkers" value="4" />
    </settings>
    <properties>
      <property name="_PID" value="11192" />
      <property name="_APPDOMAIN" value="domain-" />
    </properties>
    <test-suite type="TestSuite" id="0-1020" name="Project" fullname="Project" runstate="Runnable" testcasecount="16" result="Passed" start-time="2019-10-01 03:09:52Z" end-time="2019-10-01 03:09:54Z" duration="1.601526" total="16" passed="16" failed="0" warnings="0" inconclusive="0" skipped="0" asserts="19">
      <test-suite type="TestSuite" id="0-1021" name="Manager" fullname="Project.Manager" runstate="Runnable" testcasecount="16" result="Passed" start-time="2019-10-01 03:09:52Z" end-time="2019-10-01 03:09:54Z" duration="1.600958" total="16" passed="16" failed="0" warnings="0" inconclusive="0" skipped="0" asserts="19">
        <test-suite type="TestSuite" id="0-1022" name="Test" fullname="Project.Manager.Test" runstate="Runnable" testcasecount="16" result="Passed" start-time="2019-10-01 03:09:52Z" end-time="2019-10-01 03:09:54Z" duration="1.600942" total="16" passed="16" failed="0" warnings="0" inconclusive="0" skipped="0" asserts="19">
          <test-suite type="TestFixture" id="0-1000" name="ProjectsTaskTest" fullname="Project.Manager.Test.ProjectsTaskTest" classname="Project.Manager.Test.ProjectsTaskTest" runstate="Runnable" testcasecount="5" result="Passed" start-time="2019-10-01 03:09:52Z" end-time="2019-10-01 03:09:54Z" duration="1.345570" total="5" passed="5" failed="0" warnings="0" inconclusive="0" skipped="0" asserts="6">
            <test-case id="0-1001" name="CreateProjectsTask_ShouldCreateProjectsTask" fullname="Project.Manager.Test.ProjectsTaskTest.CreateProjectsTask_ShouldCreateProjectsTask" methodname="CreateProjectsTask_ShouldCreateProjectsTask" classname="Project.Manager.Test.ProjectsTaskTest" runstate="Runnable" seed="1575259138" result="Passed" start-time="2019-10-01 03:09:53Z" end-time="2019-10-01 03:09:54Z" duration="0.728641" asserts="1" />
            <test-case id="0-1005" name="CreateProjectsTask_ShouldDeleteProjectsTask" fullname="Project.Manager.Test.ProjectsTaskTest.CreateProjectsTask_ShouldDeleteProjectsTask" methodname="CreateProjectsTask_ShouldDeleteProjectsTask" classname="Project.Manager.Test.ProjectsTaskTest" runstate="Runnable" seed="1246317272" result="Passed" start-time="2019-10-01 03:09:54Z" end-time="2019-10-01 03:09:54Z" duration="0.042106" asserts="1" />
            <test-case id="0-1004" name="CreateProjectsTask_ShouldUpdateProjectsTask" fullname="Project.Manager.Test.ProjectsTaskTest.CreateProjectsTask_ShouldUpdateProjectsTask" methodname="CreateProjectsTask_ShouldUpdateProjectsTask" classname="Project.Manager.Test.ProjectsTaskTest" runstate="Runnable" seed="1693566745" result="Passed" start-time="2019-10-01 03:09:54Z" end-time="2019-10-01 03:09:54Z" duration="0.018055" asserts="2" />
            <test-case id="0-1002" name="GetAllProjectsTask_ShouldReturnAllProjectsTask" fullname="Project.Manager.Test.ProjectsTaskTest.GetAllProjectsTask_ShouldReturnAllProjectsTask" methodname="GetAllProjectsTask_ShouldReturnAllProjectsTask" classname="Project.Manager.Test.ProjectsTaskTest" runstate="Runnable" seed="1088400489" result="Passed" start-time="2019-10-01 03:09:54Z" end-time="2019-10-01 03:09:54Z" duration="0.030683" asserts="1" />
            <test-case id="0-1003" name="GetProjectsTaskById_ShouldGetProjectsTaskById" fullname="Project.Manager.Test.ProjectsTaskTest.GetProjectsTaskById_ShouldGetProjectsTaskById" methodname="GetProjectsTaskById_ShouldGetProjectsTaskById" classname="Project.Manager.Test.ProjectsTaskTest" runstate="Runnable" seed="1097816423" result="Passed" start-time="2019-10-01 03:09:54Z" end-time="2019-10-01 03:09:54Z" duration="0.014418" asserts="1" />
          </test-suite>
          <test-suite type="TestFixture" id="0-1006" name="ProjectsTest" fullname="Project.Manager.Test.ProjectsTest" classname="Project.Manager.Test.ProjectsTest" runstate="Runnable" testcasecount="5" result="Passed" start-time="2019-10-01 03:09:54Z" end-time="2019-10-01 03:09:54Z" duration="0.079362" total="5" passed="5" failed="0" warnings="0" inconclusive="0" skipped="0" asserts="6">
            <test-case id="0-1007" name="CreateProjects_ShouldCreateProjects" fullname="Project.Manager.Test.ProjectsTest.CreateProjects_ShouldCreateProjects" methodname="CreateProjects_ShouldCreateProjects" classname="Project.Manager.Test.ProjectsTest" runstate="Runnable" seed="633357509" result="Passed" start-time="2019-10-01 03:09:54Z" end-time="2019-10-01 03:09:54Z" duration="0.025911" asserts="1" />
            <test-case id="0-1011" name="CreateProjects_ShouldDeleteProjects" fullname="Project.Manager.Test.ProjectsTest.CreateProjects_ShouldDeleteProjects" methodname="CreateProjects_ShouldDeleteProjects" classname="Project.Manager.Test.ProjectsTest" runstate="Runnable" seed="1263357722" result="Passed" start-time="2019-10-01 03:09:54Z" end-time="2019-10-01 03:09:54Z" duration="0.014034" asserts="1" />
            <test-case id="0-1010" name="CreateProjects_ShouldUpdateProjects" fullname="Project.Manager.Test.ProjectsTest.CreateProjects_ShouldUpdateProjects" methodname="CreateProjects_ShouldUpdateProjects" classname="Project.Manager.Test.ProjectsTest" runstate="Runnable" seed="1040551266" result="Passed" start-time="2019-10-01 03:09:54Z" end-time="2019-10-01 03:09:54Z" duration="0.015475" asserts="2" />
            <test-case id="0-1008" name="GetAllProjects_ShouldReturnAllProjects" fullname="Project.Manager.Test.ProjectsTest.GetAllProjects_ShouldReturnAllProjects" methodname="GetAllProjects_ShouldReturnAllProjects" classname="Project.Manager.Test.ProjectsTest" runstate="Runnable" seed="1283299355" result="Passed" start-time="2019-10-01 03:09:54Z" end-time="2019-10-01 03:09:54Z" duration="0.010125" asserts="1" />
            <test-case id="0-1009" name="GetProjectsById_ShouldGetProjectsById" fullname="Project.Manager.Test.ProjectsTest.GetProjectsById_ShouldGetProjectsById" methodname="GetProjectsById_ShouldGetProjectsById" classname="Project.Manager.Test.ProjectsTest" runstate="Runnable" seed="1387901872" result="Passed" start-time="2019-10-01 03:09:54Z" end-time="2019-10-01 03:09:54Z" duration="0.013339" asserts="1" />
          </test-suite>
          <test-suite type="TestFixture" id="0-1012" name="UsersTest" fullname="Project.Manager.Test.UsersTest" classname="Project.Manager.Test.UsersTest" runstate="Runnable" testcasecount="6" result="Passed" start-time="2019-10-01 03:09:54Z" end-time="2019-10-01 03:09:54Z" duration="0.167373" total="6" passed="6" failed="0" warnings="0" inconclusive="0" skipped="0" asserts="7">
            <test-case id="0-1013" name="CreateUser_ShouldCreateUser" fullname="Project.Manager.Test.UsersTest.CreateUser_ShouldCreateUser" methodname="CreateUser_ShouldCreateUser" classname="Project.Manager.Test.UsersTest" runstate="Runnable" seed="126699268" result="Passed" start-time="2019-10-01 03:09:54Z" end-time="2019-10-01 03:09:54Z" duration="0.055085" asserts="1" />
            <test-case id="0-1018" name="CreateUser_ShouldDeleteUser" fullname="Project.Manager.Test.UsersTest.CreateUser_ShouldDeleteUser" methodname="CreateUser_ShouldDeleteUser" classname="Project.Manager.Test.UsersTest" runstate="Runnable" seed="1210733133" result="Passed" start-time="2019-10-01 03:09:54Z" end-time="2019-10-01 03:09:54Z" duration="0.023617" asserts="1" />
            <test-case id="0-1017" name="CreateUser_ShouldUpdateUser" fullname="Project.Manager.Test.UsersTest.CreateUser_ShouldUpdateUser" methodname="CreateUser_ShouldUpdateUser" classname="Project.Manager.Test.UsersTest" runstate="Runnable" seed="57203188" result="Passed" start-time="2019-10-01 03:09:54Z" end-time="2019-10-01 03:09:54Z" duration="0.039038" asserts="2" />
            <test-case id="0-1014" name="GetAllUser_ShouldReturnAllUser" fullname="Project.Manager.Test.UsersTest.GetAllUser_ShouldReturnAllUser" methodname="GetAllUser_ShouldReturnAllUser" classname="Project.Manager.Test.UsersTest" runstate="Runnable" seed="746190746" result="Passed" start-time="2019-10-01 03:09:54Z" end-time="2019-10-01 03:09:54Z" duration="0.003519" asserts="1" />
            <test-case id="0-1016" name="GetUserByEmail_ShouldGetUserByEmail" fullname="Project.Manager.Test.UsersTest.GetUserByEmail_ShouldGetUserByEmail" methodname="GetUserByEmail_ShouldGetUserByEmail" classname="Project.Manager.Test.UsersTest" runstate="Runnable" seed="1642801973" result="Passed" start-time="2019-10-01 03:09:54Z" end-time="2019-10-01 03:09:54Z" duration="0.022767" asserts="1" />
            <test-case id="0-1015" name="GetUserById_ShouldGetUserById" fullname="Project.Manager.Test.UsersTest.GetUserById_ShouldGetUserById" methodname="GetUserById_ShouldGetUserById" classname="Project.Manager.Test.UsersTest" runstate="Runnable" seed="1080719125" result="Passed" start-time="2019-10-01 03:09:54Z" end-time="2019-10-01 03:09:54Z" duration="0.022793" asserts="1" />
          </test-suite>
        </test-suite>
      </test-suite>
    </test-suite>
  </test-suite>
</test-run>